[    0.000000] Linux version 4.15.0-117-generic (buildd@lcy01-amd64-008) (gcc version 7.5.0 (Ubuntu 7.5.0-3ubuntu1~18.04)) #118-Ubuntu SMP Fri Sep 4 20:02:41 UTC 2020 (Ubuntu 4.15.0-117.118-generic 4.15.18)
[    0.000000] Command line: BOOT_IMAGE=/boot/vmlinuz-4.15.0-117-generic root=LABEL=cloudimg-rootfs ro console=tty1 console=ttyS0
[    0.000000] KERNEL supported cpus:
[    0.000000]   Intel GenuineIntel
[    0.000000]   AMD AuthenticAMD
[    0.000000]   Centaur CentaurHauls
[    0.000000] x86/fpu: Supporting XSAVE feature 0x001: 'x87 floating point registers'
[    0.000000] x86/fpu: Supporting XSAVE feature 0x002: 'SSE registers'
[    0.000000] x86/fpu: Supporting XSAVE feature 0x004: 'AVX registers'
[    0.000000] x86/fpu: xstate_offset[2]:  576, xstate_sizes[2]:  256
[    0.000000] x86/fpu: Enabled xstate features 0x7, context size is 832 bytes, using 'standard' format.
[    0.000000] e820: BIOS-provided physical RAM map:
[    0.000000] BIOS-e820: [mem 0x0000000000000000-0x000000000009fbff] usable
[    0.000000] BIOS-e820: [mem 0x000000000009fc00-0x000000000009ffff] reserved
[    0.000000] BIOS-e820: [mem 0x00000000000f0000-0x00000000000fffff] reserved
[    0.000000] BIOS-e820: [mem 0x0000000000100000-0x000000000ffeffff] usable
[    0.000000] BIOS-e820: [mem 0x000000000fff0000-0x000000000fffffff] ACPI data
[    0.000000] BIOS-e820: [mem 0x00000000fec00000-0x00000000fec00fff] reserved
[    0.000000] BIOS-e820: [mem 0x00000000fee00000-0x00000000fee00fff] reserved
[    0.000000] BIOS-e820: [mem 0x00000000fffc0000-0x00000000ffffffff] reserved
[    0.000000] NX (Execute Disable) protection: active
[    0.000000] SMBIOS 2.5 present.
[    0.000000] DMI: innotek GmbH VirtualBox/VirtualBox, BIOS VirtualBox 12/01/2006
[    0.000000] Hypervisor detected: KVM
[    0.000000] e820: last_pfn = 0xfff0 max_arch_pfn = 0x400000000
[    0.000000] MTRR: Disabled
[    0.000000] x86/PAT: MTRRs disabled, skipping PAT initialization too.
[    0.000000] CPU MTRRs all blank - virtualized system.
[    0.000000] x86/PAT: Configuration [0-7]: WB  WT  UC- UC  WB  WT  UC- UC  
[    0.000000] found SMP MP-table at [mem 0x0009fff0-0x0009ffff]
[    0.000000] Scanning 1 areas for low memory corruption
[    0.000000] RAMDISK: [mem 0x0db58000-0x0ee1bfff]
[    0.000000] ACPI: Early table checksum verification disabled
[    0.000000] ACPI: RSDP 0x00000000000E0000 000024 (v02 VBOX  )
[    0.000000] ACPI: XSDT 0x000000000FFF0030 00003C (v01 VBOX   VBOXXSDT 00000001 ASL  00000061)
[    0.000000] ACPI: FACP 0x000000000FFF00F0 0000F4 (v04 VBOX   VBOXFACP 00000001 ASL  00000061)
[    0.000000] ACPI: DSDT 0x000000000FFF0470 002325 (v02 VBOX   VBOXBIOS 00000002 INTL 20190509)
[    0.000000] ACPI: FACS 0x000000000FFF0200 000040
[    0.000000] ACPI: FACS 0x000000000FFF0200 000040
[    0.000000] ACPI: APIC 0x000000000FFF0240 00005C (v02 VBOX   VBOXAPIC 00000001 ASL  00000061)
[    0.000000] ACPI: SSDT 0x000000000FFF02A0 0001CC (v01 VBOX   VBOXCPUT 00000002 INTL 20190509)
[    0.000000] No NUMA configuration found
[    0.000000] Faking a node at [mem 0x0000000000000000-0x000000000ffeffff]
[    0.000000] NODE_DATA(0) allocated [mem 0x0ffc5000-0x0ffeffff]
[    0.000000] kvm-clock: cpu 0, msr 0:ff44001, primary cpu clock
[    0.000000] kvm-clock: Using msrs 4b564d01 and 4b564d00
[    0.000000] kvm-clock: using sched offset of 3574225966 cycles
[    0.000000] clocksource: kvm-clock: mask: 0xffffffffffffffff max_cycles: 0x1cd42e4dffb, max_idle_ns: 881590591483 ns
[    0.000000] Zone ranges:
[    0.000000]   DMA      [mem 0x0000000000001000-0x0000000000ffffff]
[    0.000000]   DMA32    [mem 0x0000000001000000-0x000000000ffeffff]
[    0.000000]   Normal   empty
[    0.000000]   Device   empty
[    0.000000] Movable zone start for each node
[    0.000000] Early memory node ranges
[    0.000000]   node   0: [mem 0x0000000000001000-0x000000000009efff]
[    0.000000]   node   0: [mem 0x0000000000100000-0x000000000ffeffff]
[    0.000000] Reserved but unavailable: 98 pages
[    0.000000] Initmem setup node 0 [mem 0x0000000000001000-0x000000000ffeffff]
[    0.000000] ACPI: PM-Timer IO Port: 0x4008
[    0.000000] IOAPIC[0]: apic_id 2, version 32, address 0xfec00000, GSI 0-23
[    0.000000] ACPI: INT_SRC_OVR (bus 0 bus_irq 0 global_irq 2 dfl dfl)
[    0.000000] ACPI: INT_SRC_OVR (bus 0 bus_irq 9 global_irq 9 low level)
[    0.000000] Using ACPI (MADT) for SMP configuration information
[    0.000000] smpboot: Allowing 2 CPUs, 0 hotplug CPUs
[    0.000000] PM: Registered nosave memory: [mem 0x00000000-0x00000fff]
[    0.000000] PM: Registered nosave memory: [mem 0x0009f000-0x0009ffff]
[    0.000000] PM: Registered nosave memory: [mem 0x000a0000-0x000effff]
[    0.000000] PM: Registered nosave memory: [mem 0x000f0000-0x000fffff]
[    0.000000] e820: [mem 0x10000000-0xfebfffff] available for PCI devices
[    0.000000] Booting paravirtualized kernel on KVM
[    0.000000] clocksource: refined-jiffies: mask: 0xffffffff max_cycles: 0xffffffff, max_idle_ns: 7645519600211568 ns
[    0.000000] random: get_random_bytes called from start_kernel+0x99/0x500 with crng_init=0
[    0.000000] setup_percpu: NR_CPUS:8192 nr_cpumask_bits:2 nr_cpu_ids:2 nr_node_ids:1
[    0.000000] percpu: Embedded 45 pages/cpu s147456 r8192 d28672 u1048576
[    0.000000] PV qspinlock hash table entries: 256 (order: 0, 4096 bytes)
[    0.000000] Built 1 zonelists, mobility grouping on.  Total pages: 64377
[    0.000000] Policy zone: DMA32
[    0.000000] Kernel command line: BOOT_IMAGE=/boot/vmlinuz-4.15.0-117-generic root=LABEL=cloudimg-rootfs ro console=tty1 console=ttyS0
[    0.000000] Memory: 208888K/261688K available (12300K kernel code, 2481K rwdata, 4272K rodata, 2436K init, 2724K bss, 52800K reserved, 0K cma-reserved)
[    0.000000] SLUB: HWalign=64, Order=0-3, MinObjects=0, CPUs=2, Nodes=1
[    0.000000] Kernel/User page tables isolation: enabled
[    0.000000] ftrace: allocating 39392 entries in 154 pages
[    0.004000] Hierarchical RCU implementation.
[    0.004000] 	RCU restricting CPUs from NR_CPUS=8192 to nr_cpu_ids=2.
[    0.004000] 	Tasks RCU enabled.
[    0.004000] RCU: Adjusting geometry for rcu_fanout_leaf=16, nr_cpu_ids=2
[    0.004000] NR_IRQS: 524544, nr_irqs: 440, preallocated irqs: 16
[    0.004000] Console: colour VGA+ 80x25
[    0.004000] console [tty1] enabled
[    0.004000] console [ttyS0] enabled
[    0.004000] ACPI: Core revision 20170831
[    0.004000] ACPI: 2 ACPI AML tables successfully acquired and loaded
[    0.004000] APIC: Switch to symmetric I/O mode setup
[    0.004000] x2apic enabled
[    0.004000] Switched APIC routing to physical x2apic.
[    0.004000] ..TIMER: vector=0x30 apic1=0 pin1=2 apic2=-1 pin2=-1
[    0.004000] tsc: Detected 2307.612 MHz processor
[    0.004000] Calibrating delay loop (skipped) preset value.. 4615.22 BogoMIPS (lpj=9230448)
[    0.004003] pid_max: default: 32768 minimum: 301
[    0.004531] Security Framework initialized
[    0.005030] Yama: becoming mindful.
[    0.005436] AppArmor: AppArmor initialized
[    0.005927] Dentry cache hash table entries: 32768 (order: 6, 262144 bytes)
[    0.006669] Inode-cache hash table entries: 16384 (order: 5, 131072 bytes)
[    0.007451] Mount-cache hash table entries: 512 (order: 0, 4096 bytes)
[    0.008003] Mountpoint-cache hash table entries: 512 (order: 0, 4096 bytes)
[    0.008925] Last level iTLB entries: 4KB 64, 2MB 8, 4MB 8
[    0.009492] Last level dTLB entries: 4KB 64, 2MB 0, 4MB 0, 1GB 4
[    0.010158] Spectre V1 : Mitigation: usercopy/swapgs barriers and __user pointer sanitization
[    0.011129] Spectre V2 : Mitigation: Full generic retpoline
[    0.012001] Spectre V2 : Spectre v2 / SpectreRSB mitigation: Filling RSB on context switch
[    0.012880] Speculative Store Bypass: Vulnerable
[    0.013419] SRBDS: Unknown: Dependent on hypervisor status
[    0.013999] MDS: Mitigation: Clear CPU buffers
[    0.014597] Freeing SMP alternatives memory: 36K
[    0.125366] smpboot: CPU0: Intel(R) Core(TM) i5-8300H CPU @ 2.30GHz (family: 0x6, model: 0x9e, stepping: 0xa)
[    0.127098] Performance Events: unsupported p6 CPU model 158 no PMU driver, software events only.
[    0.128000] Hierarchical SRCU implementation.
[    0.128000] NMI watchdog: Perf event create on CPU 0 failed with -2
[    0.128001] NMI watchdog: Perf NMI watchdog permanently disabled
[    0.128659] smp: Bringing up secondary CPUs ...
[    0.129287] x86: Booting SMP configuration:
[    0.129770] .... node  #0, CPUs:      #1
[    0.004000] kvm-clock: cpu 1, msr 0:ff44041, secondary cpu clock
[    0.132040] smp: Brought up 1 node, 2 CPUs
[    0.132509] smpboot: Max logical packages: 1
[    0.132998] smpboot: Total of 2 processors activated (9230.44 BogoMIPS)
[    0.133820] devtmpfs: initialized
[    0.133820] x86/mm: Memory block size: 128MB
[    0.136084] evm: security.selinux
[    0.136464] evm: security.SMACK64
[    0.136883] evm: security.SMACK64EXEC
[    0.137353] evm: security.SMACK64TRANSMUTE
[    0.137803] evm: security.SMACK64MMAP
[    0.138262] evm: security.apparmor
[    0.138659] evm: security.ima
[    0.139018] evm: security.capability
[    0.140071] clocksource: jiffies: mask: 0xffffffff max_cycles: 0xffffffff, max_idle_ns: 7645041785100000 ns
[    0.141080] futex hash table entries: 512 (order: 3, 32768 bytes)
[    0.141800] pinctrl core: initialized pinctrl subsystem
[    0.142440] RTC time: 16:23:10, date: 09/18/20
[    0.143018] NET: Registered protocol family 16
[    0.143559] audit: initializing netlink subsys (disabled)
[    0.144018] audit: type=2000 audit(1600446196.222:1): state=initialized audit_enabled=0 res=1
[    0.144992] cpuidle: using governor ladder
[    0.144992] cpuidle: using governor menu
[    0.145030] ACPI: bus type PCI registered
[    0.145586] acpiphp: ACPI Hot Plug PCI Controller Driver version: 0.5
[    0.146328] PCI: Using configuration type 1 for base access
[    0.148742] HugeTLB registered 2.00 MiB page size, pre-allocated 0 pages
[    0.148846] ACPI: Added _OSI(Module Device)
[    0.148846] ACPI: Added _OSI(Processor Device)
[    0.149087] ACPI: Added _OSI(3.0 _SCP Extensions)
[    0.149677] ACPI: Added _OSI(Processor Aggregator Device)
[    0.152006] ACPI: Added _OSI(Linux-Dell-Video)
[    0.152496] ACPI: Added _OSI(Linux-Lenovo-NV-HDMI-Audio)
[    0.153130] ACPI: Added _OSI(Linux-HPI-Hybrid-Graphics)
[    0.153908] ACPI: Executed 1 blocks of module-level executable AML code
[    0.157183] ACPI: Interpreter enabled
[    0.157667] ACPI: (supports S0 S5)
[    0.158073] ACPI: Using IOAPIC for interrupt routing
[    0.158770] PCI: Using host bridge windows from ACPI; if necessary, use "pci=nocrs" and report a bug
[    0.159835] ACPI: Enabled 2 GPEs in block 00 to 07
[    0.164221] ACPI: PCI Root Bridge [PCI0] (domain 0000 [bus 00-ff])
[    0.164985] acpi PNP0A03:00: _OSC: OS supports [ASPM ClockPM Segments MSI]
[    0.166072] acpi PNP0A03:00: _OSC: not requesting OS control; OS requires [ExtendedConfig ASPM ClockPM MSI]
[    0.167125] acpi PNP0A03:00: fail to add MMCONFIG information, can't access extended PCI configuration space under this bridge.
[    0.168245] PCI host bridge to bus 0000:00
[    0.168724] pci_bus 0000:00: root bus resource [io  0x0000-0x0cf7 window]
[    0.169491] pci_bus 0000:00: root bus resource [io  0x0d00-0xffff window]
[    0.170215] pci_bus 0000:00: root bus resource [mem 0x000a0000-0x000bffff window]
[    0.171038] pci_bus 0000:00: root bus resource [mem 0x10000000-0xfdffffff window]
[    0.172002] pci_bus 0000:00: root bus resource [bus 00-ff]
[    0.173863] pci 0000:00:01.1: legacy IDE quirk: reg 0x10: [io  0x01f0-0x01f7]
[    0.174651] pci 0000:00:01.1: legacy IDE quirk: reg 0x14: [io  0x03f6]
[    0.175378] pci 0000:00:01.1: legacy IDE quirk: reg 0x18: [io  0x0170-0x0177]
[    0.176002] pci 0000:00:01.1: legacy IDE quirk: reg 0x1c: [io  0x0376]
[    0.183491] pci 0000:00:07.0: quirk: [io  0x4000-0x403f] claimed by PIIX4 ACPI
[    0.184013] pci 0000:00:07.0: quirk: [io  0x4100-0x410f] claimed by PIIX4 SMB
[    0.188862] ACPI: PCI Interrupt Link [LNKA] (IRQs 5 9 10 *11)
[    0.189788] ACPI: PCI Interrupt Link [LNKB] (IRQs 5 9 *10 11)
[    0.190485] ACPI: PCI Interrupt Link [LNKC] (IRQs 5 *9 10 11)
[    0.191173] ACPI: PCI Interrupt Link [LNKD] (IRQs 5 9 10 *11)
[    0.192074] SCSI subsystem initialized
[    0.192591] pci 0000:00:02.0: vgaarb: setting as boot VGA device
[    0.192707] pci 0000:00:02.0: vgaarb: VGA device added: decodes=io+mem,owns=io+mem,locks=none
[    0.193659] pci 0000:00:02.0: vgaarb: bridge control possible
[    0.194275] vgaarb: loaded
[    0.194624] ACPI: bus type USB registered
[    0.195091] usbcore: registered new interface driver usbfs
[    0.196013] usbcore: registered new interface driver hub
[    0.196599] usbcore: registered new device driver usb
[    0.197190] EDAC MC: Ver: 3.0.0
[    0.197190] PCI: Using ACPI for IRQ routing
[    0.197190] NetLabel: Initializing
[    0.197190] NetLabel:  domain hash size = 128
[    0.197650] NetLabel:  protocols = UNLABELED CIPSOv4 CALIPSO
[    0.200021] NetLabel:  unlabeled traffic allowed by default
[    0.200636] clocksource: Switched to clocksource kvm-clock
[    0.208781] VFS: Disk quotas dquot_6.6.0
[    0.209304] VFS: Dquot-cache hash table entries: 512 (order 0, 4096 bytes)
[    0.210090] AppArmor: AppArmor Filesystem Enabled
[    0.210622] pnp: PnP ACPI init
[    0.211638] pnp: PnP ACPI: found 3 devices
[    0.220066] clocksource: acpi_pm: mask: 0xffffff max_cycles: 0xffffff, max_idle_ns: 2085701024 ns
[    0.221079] NET: Registered protocol family 2
[    0.221683] TCP established hash table entries: 2048 (order: 2, 16384 bytes)
[    0.222479] TCP bind hash table entries: 2048 (order: 3, 32768 bytes)
[    0.223161] TCP: Hash tables configured (established 2048 bind 2048)
[    0.223845] UDP hash table entries: 256 (order: 1, 8192 bytes)
[    0.224488] UDP-Lite hash table entries: 256 (order: 1, 8192 bytes)
[    0.225214] NET: Registered protocol family 1
[    0.225713] pci 0000:00:00.0: Limiting direct PCI/PCI transfers
[    0.226362] pci 0000:00:01.0: Activating ISA DMA hang workarounds
[    0.227027] pci 0000:00:02.0: Video device with shadowed ROM at [mem 0x000c0000-0x000dffff]
[    0.227968] Unpacking initramfs...
[    0.440974] Freeing initrd memory: 19216K
[    0.441615] clocksource: tsc: mask: 0xffffffffffffffff max_cycles: 0x21434c04e75, max_idle_ns: 440795300320 ns
[    0.442695] platform rtc_cmos: registered platform RTC device (no PNP device found)
[    0.443522] Scanning for low memory corruption every 60 seconds
[    0.444777] Initialise system trusted keyrings
[    0.445272] Key type blacklist registered
[    0.445819] workingset: timestamp_bits=36 max_order=16 bucket_order=0
[    0.447219] zbud: loaded
[    0.447912] squashfs: version 4.0 (2009/01/31) Phillip Lougher
[    0.448725] fuse init (API version 7.26)
[    0.451376] Key type asymmetric registered
[    0.451856] Asymmetric key parser 'x509' registered
[    0.452630] Block layer SCSI generic (bsg) driver version 0.4 loaded (major 246)
[    0.453583] io scheduler noop registered
[    0.454032] io scheduler deadline registered
[    0.454530] io scheduler cfq registered (default)
[    0.455324] ACPI: AC Adapter [AC] (on-line)
[    0.455868] input: Power Button as /devices/LNXSYSTM:00/LNXPWRBN:00/input/input0
[    0.456806] ACPI: Power Button [PWRF]
[    0.457314] input: Sleep Button as /devices/LNXSYSTM:00/LNXSLPBN:00/input/input1
[    0.458109] ACPI: Sleep Button [SLPF]
[    0.459232] ACPI: Battery Slot [BAT0] (battery present)
[    0.459953] Serial: 8250/16550 driver, 32 ports, IRQ sharing enabled
[    0.481260] 00:02: ttyS0 at I/O 0x3f8 (irq = 4, base_baud = 115200) is a 16550A
[    0.484012] Linux agpgart interface v0.103
[    0.485580] loop: module loaded
[    0.486321] scsi host0: ata_piix
[    0.486782] scsi host1: ata_piix
[    0.487178] ata1: PATA max UDMA/33 cmd 0x1f0 ctl 0x3f6 bmdma 0xd000 irq 14
[    0.487910] ata2: PATA max UDMA/33 cmd 0x170 ctl 0x376 bmdma 0xd008 irq 15
[    0.488755] libphy: Fixed MDIO Bus: probed
[    0.489208] tun: Universal TUN/TAP device driver, 1.6
[    0.489958] PPP generic driver version 2.4.2
[    0.490612] ehci_hcd: USB 2.0 'Enhanced' Host Controller (EHCI) Driver
[    0.491309] ehci-pci: EHCI PCI platform driver
[    0.491836] ehci-platform: EHCI generic platform driver
[    0.492443] ohci_hcd: USB 1.1 'Open' Host Controller (OHCI) Driver
[    0.493089] ohci-pci: OHCI PCI platform driver
[    0.493591] ohci-platform: OHCI generic platform driver
[    0.494337] uhci_hcd: USB Universal Host Controller Interface driver
[    0.495437] i8042: PNP: PS/2 Controller [PNP0303:PS2K,PNP0f03:PS2M] at 0x60,0x64 irq 1,12
[    0.496931] serio: i8042 KBD port at 0x60,0x64 irq 1
[    0.497527] serio: i8042 AUX port at 0x60,0x64 irq 12
[    0.498197] mousedev: PS/2 mouse device common for all mice
[    0.499164] input: AT Translated Set 2 keyboard as /devices/platform/i8042/serio0/input/input2
[    0.500075] rtc_cmos rtc_cmos: rtc core: registered rtc_cmos as rtc0
[    0.500857] rtc_cmos rtc_cmos: alarms up to one day, 114 bytes nvram
[    0.501591] i2c /dev entries driver
[    0.502046] device-mapper: uevent: version 1.0.3
[    0.502585] device-mapper: ioctl: 4.37.0-ioctl (2017-09-20) initialised: dm-devel@redhat.com
[    0.503612] ledtrig-cpu: registered to indicate activity on CPUs
[    0.504642] NET: Registered protocol family 10
[    0.507735] Segment Routing with IPv6
[    0.508243] NET: Registered protocol family 17
[    0.508872] Key type dns_resolver registered
[    0.509558] mce: Using 0 MCE banks
[    0.510012] RAS: Correctable Errors collector initialized.
[    0.510649] sched_clock: Marking stable (509509057, 0)->(597951685, -88442628)
[    0.511648] registered taskstats version 1
[    0.512209] Loading compiled-in X.509 certificates
[    0.514703] Loaded X.509 cert 'Build time autogenerated kernel key: 993aedfcb7091aab7364eeb95e85a8dab512d887'
[    0.515802] zswap: loaded using pool lzo/zbud
[    0.518728] Key type big_key registered
[    0.519185] Key type trusted registered
[    0.520811] Key type encrypted registered
[    0.521309] AppArmor: AppArmor sha1 policy hashing enabled
[    0.521950] ima: No TPM chip found, activating TPM-bypass! (rc=-19)
[    0.522655] ima: Allocated hash algorithm: sha1
[    0.523165] evm: HMAC attrs: 0x1
[    0.523715]   Magic number: 4:890:388
[    0.524266] rtc_cmos rtc_cmos: setting system clock to 2020-09-18 16:23:11 UTC (1600446191)
[    0.525278] BIOS EDD facility v0.16 2004-Jun-25, 0 devices found
[    0.525921] EDD information not available.
[    0.678752] Freeing unused kernel image memory: 2436K
[    0.692109] Write protecting the kernel read-only data: 20480k
[    0.693511] Freeing unused kernel image memory: 2008K
[    0.694352] Freeing unused kernel image memory: 1872K
[    0.700553] x86/mm: Checked W+X mappings: passed, no W+X pages found.
[    0.701386] x86/mm: Checking user space page tables
[    0.707635] x86/mm: Checked W+X mappings: passed, no W+X pages found.
Loading, please wait...
starting version 237
[    0.752809] e1000: Intel(R) PRO/1000 Network Driver - version 7.3.21-k8-NAPI
[    0.753630] e1000: Copyright (c) 1999-2006 Intel Corporation.
[    0.759433] Fusion MPT base driver 3.04.20
[    0.760010] Copyright (c) 1999-2008 LSI Corporation
[    0.769526] Fusion MPT SPI Host driver 3.04.20
[    0.773367] AVX2 version of gcm_enc/dec engaged.
[    0.773997] AES CTR mode by8 optimization enabled
[    0.965002] input: ImExPS/2 Generic Explorer Mouse as /devices/platform/i8042/serio1/input/input4
[    1.097588] e1000 0000:00:03.0 eth0: (PCI:33MHz:32-bit) 02:a6:ac:a9:9a:f4
[    1.099123] e1000 0000:00:03.0 eth0: Intel(R) PRO/1000 Network Connection
[    1.101960] mptbase: ioc0: Initiating bringup
[    1.196706] ioc0: LSI53C1030 A0: Capabilities={Initiator}
[    1.444084] scsi host2: ioc0: LSI53C1030 A0, FwRev=00000000h, Ports=1, MaxQ=256, IRQ=20
[    1.626018] scsi 2:0:0:0: Direct-Access     VBOX     HARDDISK         1.0  PQ: 0 ANSI: 5
[    1.680144] scsi target2:0:0: Beginning Domain Validation
[    1.681325] scsi target2:0:0: Domain Validation skipping write tests
[    1.682017] scsi target2:0:0: Ending Domain Validation
[    1.682656] scsi target2:0:0: asynchronous
[    1.683364] scsi 2:0:1:0: Direct-Access     VBOX     HARDDISK         1.0  PQ: 0 ANSI: 5
[    1.979281] scsi target2:0:1: Beginning Domain Validation
[    1.980571] random: fast init done
[    1.981043] scsi target2:0:1: Domain Validation skipping write tests
[    1.981845] scsi target2:0:1: Ending Domain Validation
[    1.982518] scsi target2:0:1: asynchronous
[    1.985881] random: systemd-udevd: uninitialized urandom read (16 bytes read)
[    1.986762] random: systemd-udevd: uninitialized urandom read (16 bytes read)
[    1.987616] random: systemd-udevd: uninitialized urandom read (16 bytes read)
[    1.988753] sd 2:0:0:0: Attached scsi generic sg0 type 0
[    1.989738] sd 2:0:1:0: Attached scsi generic sg1 type 0
[    1.990840] e1000 0000:00:08.0 eth1: (PCI:33MHz:32-bit) 08:00:27:8d:3e:51
[    1.990931] sd 2:0:0:0: [sda] 20971520 512-byte logical blocks: (10.7 GB/10.0 GiB)
[    1.991652] e1000 0000:00:08.0 eth1: Intel(R) PRO/1000 Network Connection
[    1.992701] sd 2:0:0:0: [sda] Write Protect is off
[    1.994099] sd 2:0:1:0: [sdb] 20480 512-byte logical blocks: (10.5 MB/10.0 MiB)
[    1.994795] e1000 0000:00:08.0 enp0s8: renamed from eth1
[    1.995787] sd 2:0:1:0: [sdb] Write Protect is off
[    1.996487] sd 2:0:1:0: [sdb] Incomplete mode parameter data
[    1.997164] sd 2:0:1:0: [sdb] Assuming drive cache: write through
[    1.998403] sd 2:0:0:0: [sda] Incomplete mode parameter data
[    1.999225] sd 2:0:0:0: [sda] Assuming drive cache: write through
[    2.013077] e1000 0000:00:03.0 enp0s3: renamed from eth0
[    2.215688]  sda: sda1
[    2.221049] sd 2:0:0:0: [sda] Attached SCSI disk
[    2.253237] sd 2:0:1:0: [sdb] Attached SCSI disk
Begin: Loading essential drivers ... [    3.804038] raid6: sse2x1   gen() 12774 MB/s
[    3.856067] raid6: sse2x1   xor() 10943 MB/s
[    3.904323] raid6: sse2x2   gen() 17233 MB/s
[    3.960052] raid6: sse2x2   xor() 12760 MB/s
[    4.012240] raid6: sse2x4   gen() 21431 MB/s
[    4.062552] raid6: sse2x4   xor() 12917 MB/s
[    4.112064] raid6: avx2x1   gen() 29596 MB/s
[    4.160754] raid6: avx2x1   xor() 19548 MB/s
[    4.211971] raid6: avx2x2   gen() 34802 MB/s
[    4.266119] raid6: avx2x2   xor() 23829 MB/s
[    4.319977] raid6: avx2x4   gen() 44178 MB/s
[    4.368196] raid6: avx2x4   xor() 22745 MB/s
[    4.368699] raid6: using algorithm avx2x4 gen() 44178 MB/s
[    4.369296] raid6: .... xor() 22745 MB/s, rmw enabled
[    4.369853] raid6: using avx2x2 recovery algorithm
[    4.371373] xor: automatically using best checksumming function   avx       
[    4.373198] async_tx: api initialized (async)
done.
Begin: Running /scripts/init-premount ... done.
Begin: Mounting root file system ... Begin: Running /scripts/local-top ... done.
Begin: Running /scripts/local-premount ... [    4.405686] Btrfs loaded, crc32c=crc32c-intel
Scanning for Btrfs filesystems
done.
Warning: fsck not present, so skipping root file system
[    4.444600] EXT4-fs (sda1): mounted filesystem with ordered data mode. Opts: (null)
done.
Begin: Running /scripts/local-bottom ... done.
Begin: Running /scripts/init-bottom ... done.
[    5.094839] ip_tables: (C) 2000-2006 Netfilter Core Team
[    5.146139] systemd[1]: systemd 237 running in system mode. (+PAM +AUDIT +SELINUX +IMA +APPARMOR +SMACK +SYSVINIT +UTMP +LIBCRYPTSETUP +GCRYPT +GNUTLS +ACL +XZ +LZ4 +SECCOMP +BLKID +ELFUTILS +KMOD -IDN2 +IDN -PCRE2 default-hierarchy=hybrid)
[    5.156445] systemd[1]: Detected virtualization oracle.
[    5.159029] systemd[1]: Detected architecture x86-64.

Welcome to [1mUbuntu 18.04.5 LTS[0m!

[    5.189693] systemd[1]: Set hostname to <ubuntu>.
[    5.222495] systemd[1]: Initializing machine ID from random generator.
[    5.226113] systemd[1]: Installed transient /etc/machine-id file.
[    6.167865] systemd[1]: Set up automount Arbitrary Executable File Formats File System Automount Point.
[[0;32m  OK  [0m] Set up automount Arbitrary Executab…rmats File System Automount Point.
[    6.171895] systemd[1]: Reached target Swap.
[[0;32m  OK  [0m] Reached target Swap.
[    6.173758] systemd[1]: Reached target User and Group Name Lookups.
[[0;32m  OK  [0m] Reached target User and Group Name Lookups.
[    6.176341] systemd[1]: Started Forward Password Requests to Wall Directory Watch.
[[0;32m  OK  [0m] Started Forward Password Requests to Wall Directory Watch.
[[0;32m  OK  [0m] Created slice User and Session Slice.
[[0;32m  OK  [0m] Reached target System Time Synchronized.
[[0;32m  OK  [0m] Created slice System Slice.
[[0;32m  OK  [0m] Listening on Syslog Socket.
[[0;32m  OK  [0m] Listening on udev Kernel Socket.
[[0;32m  OK  [0m] Listening on /dev/initctl Compatibility Named Pipe.
[[0;32m  OK  [0m] Listening on Journal Socket (/dev/log).
[[0;32m  OK  [0m] Listening on Network Service Netlink Socket.
[[0;32m  OK  [0m] Created slice system-serial\x2dgetty.slice.
[[0;32m  OK  [0m] Listening on LVM2 poll daemon socket.
[[0;32m  OK  [0m] Listening on Device-mapper event daemon FIFOs.
[[0;32m  OK  [0m] Listening on LVM2 metadata daemon socket.
[[0;32m  OK  [0m] Listening on Journal Audit Socket.
[[0;32m  OK  [0m] Listening on Journal Socket.
         Starting Monitoring of LVM2 mirrors…ng dmeventd or progress polling...
         Starting Journal Service...
         Starting Load Kernel Modules...
         Starting Uncomplicated firewall...
         Starting Create list of required st…ce nodes for the current kernel...
         Mounting POSIX Message Queue File System...
         Mounting Kernel Debug File System...
         Starting Set the console keyboard layout...
[    6.279186] random: crng init done
[    6.281350] random: 7 urandom warning(s) missed due to ratelimiting
         Starting Remount Root and Kernel File Systems...
[[0;32m  OK  [0m] Listening on udev Control Socket.
[[0;32m  OK  [0m] Reached target Slices.
         Starting udev Coldplug all Devices...
[    6.350178] Loading iSCSI transport class v2.0-870.
         Mounting Huge Pages File System...
[[0;32m  OK  [0m] Started Journal Service.
[[0;32m  OK  [0m] Started Uncomplicated firewall.
[[0;32m  OK  [0m] Started Create list of required sta…vice nodes for the current kernel.
[[0;32m  OK  [0m] Mounted POSIX Message Queue File System.
[[0;32m  OK  [0m] Mounted Kernel Debug File System.
[[0;32m  OK  [0m] Mounted Huge Pages File System.
         Starting Create Static Device Nodes in /dev...
[[0;32m  OK  [0m] Started udev Coldplug all Devices.
[    6.535196] iscsi: registered transport (tcp)
[    6.547991] EXT4-fs (sda1): re-mounted. Opts: (null)
[[0;32m  OK  [0m] Started Remount Root and Kernel File Systems.
         Starting Flush Journal to Persistent Storage...
         Starting Load/Save Random Seed...
[[0;32m  OK  [0m] Started LVM2 metadata daemon.
[    7.379393] iscsi: registered transport (iser)
[[0;32m  OK  [0m] Started Load Kernel Modules.
         Starting Apply Kernel Variables...
         Mounting FUSE Control File System...
         Mounting Kernel Configuration File System...
[[0;32m  OK  [0m] Mounted FUSE Control File System.
[[0;32m  OK  [0m] Mounted Kernel Configuration File System.
[    7.401311] systemd-journald[407]: Received request to flush runtime journal from PID 1
[[0;32m  OK  [0m] Started Load/Save Random Seed.
[[0;32m  OK  [0m] Started Create Static Device Nodes in /dev.
         Starting udev Kernel Device Manager...
[[0;32m  OK  [0m] Started Apply Kernel Variables.
[[0;32m  OK  [0m] Started Monitoring of LVM2 mirrors,…sing dmeventd or progress polling.
[[0;32m  OK  [0m] Started udev Kernel Device Manager.
[[0;32m  OK  [0m] Started Flush Journal to Persistent Storage.
[[0;32m  OK  [0m] Found device /dev/ttyS0.
[[0;32m  OK  [0m] Listening on Load/Save RF Kill Switch Status /dev/rfkill Watch.
[[0;32m  OK  [0m] Started Set the console keyboard layout.
[[0;32m  OK  [0m] Started Dispatch Password Requests to Console Directory Watch.
[[0;32m  OK  [0m] Reached target Local Encrypted Volumes.
[[0;32m  OK  [0m] Reached target Local File Systems (Pre).
[[0;32m  OK  [0m] Reached target Local File Systems.
         Starting Tell Plymouth To Write Out Runtime Data...
         Starting Create Volatile Files and Directories...
         Starting AppArmor initialization...
         Starting Set console font and keymap...
         Starting ebtables ruleset management...
         Starting Commit a transient machine-id on disk...
[[0;32m  OK  [0m] Started Tell Plymouth To Write Out Runtime Data.
[[0;32m  OK  [0m] Started Set console font and keymap.
[[0;32m  OK  [0m] Started Create Volatile Files and Directories.
         Starting Update UTMP about System Boot/Shutdown...
[[0;32m  OK  [0m] Started Update UTMP about System Boot/Shutdown.
[[0;32m  OK  [0m] Started Commit a transient machine-id on disk.
[[0;32m  OK  [0m] Started ebtables ruleset management.
[[0;32m  OK  [0m] Started AppArmor initialization.
         Starting Load AppArmor profiles managed internally by snapd...
         Starting Initial cloud-init job (pre-networking)...
[[0;32m  OK  [0m] Started Load AppArmor profiles managed internally by snapd.
[   12.668352] cloud-init[701]: Cloud-init v. 20.3-2-g371b392c-0ubuntu1~18.04.1 running 'init-local' at Fri, 18 Sep 2020 16:23:22 +0000. Up 11.99 seconds.
[[0;32m  OK  [0m] Started Initial cloud-init job (pre-networking).
[[0;32m  OK  [0m] Reached target Network (Pre).
         Starting Network Service...
[[0;32m  OK  [0m] Started Network Service.
         Starting Wait for Network to be Configured...
         Starting Network Name Resolution...
[[0;32m  OK  [0m] Started Network Name Resolution.
[[0;32m  OK  [0m] Reached target Host and Network Name Lookups.
[[0;32m  OK  [0m] Reached target Network.
[[0;32m  OK  [0m] Started Wait for Network to be Configured.
         Starting Initial cloud-init job (metadata service crawler)...
[   15.041534] cloud-init[835]: Cloud-init v. 20.3-2-g371b392c-0ubuntu1~18.04.1 running 'init' at Fri, 18 Sep 2020 16:23:25 +0000. Up 14.91 seconds.
[   15.042898] cloud-init[835]: ci-info: ++++++++++++++++++++++++++++++++++++++Net device info+++++++++++++++++++++++++++++++++++++++
[   15.043910] cloud-init[835]: ci-info: +--------+-------+----------------------------+---------------+--------+-------------------+
[   15.044986] cloud-init[835]: ci-info: | Device |   Up  |          Address           |      Mask     | Scope  |     Hw-Address    |
[   15.046022] cloud-init[835]: ci-info: +--------+-------+----------------------------+---------------+--------+-------------------+
[   15.047031] cloud-init[835]: ci-info: | enp0s3 |  True |         10.0.2.15          | 255.255.255.0 | global | 02:a6:ac:a9:9a:f4 |
[   15.047959] cloud-init[835]: ci-info: | enp0s3 |  True | fe80::a6:acff:fea9:9af4/64 |       .       |  link  | 02:a6:ac:a9:9a:f4 |
[   15.048963] cloud-init[835]: ci-info: | enp0s8 | False |             .              |       .       |   .    | 08:00:27:8d:3e:51 |
[   15.049938] cloud-init[835]: ci-info: |   lo   |  True |         127.0.0.1          |   255.0.0.0   |  host  |         .         |
[   15.050912] cloud-init[835]: ci-info: |   lo   |  True |          ::1/128           |       .       |  host  |         .         |
[   15.051833] cloud-init[835]: ci-info: +--------+-------+----------------------------+---------------+--------+-------------------+
[   15.052853] cloud-init[835]: ci-info: ++++++++++++++++++++++++++++Route IPv4 info+++++++++++++++++++++++++++++
[   15.053570] cloud-init[835]: ci-info: +-------+-------------+----------+-----------------+-----------+-------+
[   15.054458] cloud-init[835]: ci-info: | Route | Destination | Gateway  |     Genmask     | Interface | Flags |
[   15.055294] cloud-init[835]: ci-info: +-------+-------------+----------+-----------------+-----------+-------+
[   15.056142] cloud-init[835]: ci-info: |   0   |   0.0.0.0   | 10.0.2.2 |     0.0.0.0     |   enp0s3  |   UG  |
[   15.056971] cloud-init[835]: ci-info: |   1   |   10.0.2.0  | 0.0.0.0  |  255.255.255.0  |   enp0s3  |   U   |
[   15.057901] cloud-init[835]: ci-info: |   2   |   10.0.2.2  | 0.0.0.0  | 255.255.255.255 |   enp0s3  |   UH  |
[   15.058728] cloud-init[835]: ci-info: +-------+-------------+----------+-----------------+-----------+-------+
[   15.059545] cloud-init[835]: ci-info: +++++++++++++++++++Route IPv6 info+++++++++++++++++++
[   15.060288] cloud-init[835]: ci-info: +-------+-------------+---------+-----------+-------+
[   15.060945] cloud-init[835]: ci-info: | Route | Destination | Gateway | Interface | Flags |
[   15.061603] cloud-init[835]: ci-info: +-------+-------------+---------+-----------+-------+
[   15.062358] cloud-init[835]: ci-info: |   1   |  fe80::/64  |    ::   |   enp0s3  |   U   |
[   15.063110] cloud-init[835]: ci-info: |   3   |    local    |    ::   |   enp0s3  |   U   |
[   15.063815] cloud-init[835]: ci-info: |   4   |   ff00::/8  |    ::   |   enp0s3  |   U   |
[   15.064534] cloud-init[835]: ci-info: +-------+-------------+---------+-----------+-------+
[   20.206636] cloud-init[835]: Generating public/private rsa key pair.
[   20.207332] cloud-init[835]: Your identification has been saved in /etc/ssh/ssh_host_rsa_key.
[   20.208087] cloud-init[835]: Your public key has been saved in /etc/ssh/ssh_host_rsa_key.pub.
[   20.208874] cloud-init[835]: The key fingerprint is:
[   20.209361] cloud-init[835]: SHA256:zcNcuZTIM/mTdTY3/N6S673GtXhoplzHkvwyN4qXl4A root@ubuntu-bionic
[   20.210178] cloud-init[835]: The key's randomart image is:
[   20.210704] cloud-init[835]: +---[RSA 2048]----+
[   20.211181] cloud-init[835]: |                 |
[   20.211623] cloud-init[835]: |         . o o.  |
[   20.212084] cloud-init[835]: |          * = .++|
[   20.212550] cloud-init[835]: |         = * + o=|
[   20.212996] cloud-init[835]: |        S * *   .|
[   20.213458] cloud-init[835]: |           E.oooo|
[   20.213954] cloud-init[835]: |             =Oo*|
[   20.214423] cloud-init[835]: |          . oX+& |
[   20.214875] cloud-init[835]: |           +=o@o+|
[   20.215315] cloud-init[835]: +----[SHA256]-----+
[   20.215774] cloud-init[835]: Generating public/private dsa key pair.
[   20.216389] cloud-init[835]: Your identification has been saved in /etc/ssh/ssh_host_dsa_key.
[   20.217156] cloud-init[835]: Your public key has been saved in /etc/ssh/ssh_host_dsa_key.pub.
[   20.217939] cloud-init[835]: The key fingerprint is:
[   20.218511] cloud-init[835]: SHA256:kthf3fy8ug3fOLwg2UMyTwpFJrZqt4vrUHEmGLRqcrQ root@ubuntu-bionic
[   20.219299] cloud-init[835]: The key's randomart image is:
[   20.219810] cloud-init[835]: +---[DSA 1024]----+
[   20.220307] cloud-init[835]: |   .o   o o      |
[   20.220712] cloud-init[835]: |     + . =       |
[   20.221929] cloud-init[835]: |  . o o + .      |
[   20.222415] cloud-init[835]: | . o o B . . o   |
[   20.222874] cloud-init[835]: |. E . B S + + o  |
[   20.223340] cloud-init[835]: | +   o + + X   o |
[   20.223796] cloud-init[835]: |    .   o + =o  o|
[   20.224284] cloud-init[835]: |     . . . . o*.o|
[   20.224715] cloud-init[835]: |     .+..    o=*.|
[   20.225141] cloud-init[835]: +----[SHA256]-----+
[   20.225525] cloud-init[835]: Generating public/private ecdsa key pair.
[   20.226156] cloud-init[835]: Your identification has been saved in /etc/ssh/ssh_host_ecdsa_key.
[   20.227023] cloud-init[835]: Your public key has been saved in /etc/ssh/ssh_host_ecdsa_key.pub.
[   20.227909] cloud-init[835]: The key fingerprint is:
[   20.228474] cloud-init[835]: SHA256:/Id5gis5yT0JOJ3aseUjfk2b9jW6b8WpSGJ6XWHcBqw root@ubuntu-bionic
[   20.229362] cloud-init[835]: The key's randomart image is:
[   20.229957] cloud-init[835]: +---[ECDSA 256]---+
[   20.230438] cloud-init[835]: |            .    |
[   20.230917] cloud-init[835]: |             o   |
[   20.248402] cloud-init[835]: |            o o  |
[   20.248978] cloud-init[835]: |       .   E + o |
[   20.249529] cloud-init[835]: |     o .S   . o..|
[   20.250085] cloud-init[835]: |    o = .=.+ . .o|
[   20.250603] cloud-init[835]: |     = X++Oo= +. |
[   20.251144] cloud-init[835]: |    . X.Bo=* +.. |
[   20.251700] cloud-init[835]: |     ..=o+ .++.  |
[   20.252239] cloud-init[835]: +----[SHA256]-----+
[   20.252918] cloud-init[835]: Generating public/private ed25519 key pair.
[   20.253626] cloud-init[835]: Your identification has been saved in /etc/ssh/ssh_host_ed25519_key.
[   20.254510] cloud-init[835]: Your public key has been saved in /etc/ssh/ssh_host_ed25519_key.pub.
[   20.255521] cloud-init[835]: The key fingerprint is:
[   20.256170] cloud-init[835]: SHA256:vCKC0Wb73pbNHvvj+hgS0q/2fO1Wa+mRMjnXuuJMS0U root@ubuntu-bionic
[   20.257177] cloud-init[835]: The key's randomart image is:
[   20.257773] cloud-init[835]: +--[ED25519 256]--+
[   20.258369] cloud-init[835]: |                 |
[   20.258956] cloud-init[835]: |                 |
[   20.259404] cloud-init[835]: |              E  |
[   20.259868] cloud-init[835]: | .   . .     .   |
[   20.260419] cloud-init[835]: |. + . o S     .  |
[   20.260938] cloud-init[835]: | = . . o .   o.o |
[   20.261537] cloud-init[835]: |. o . o+=  .B.+o.|
[   20.262153] cloud-init[835]: |   o o+=o=o++*+o |
[   20.262772] cloud-init[835]: |   .ooooB*+==++. |
[   20.263337] cloud-init[835]: +----[SHA256]-----+
[[0;32m  OK  [0m] Started Initial cloud-init job (metadata service crawler).
[[0;32m  OK  [0m] Reached target System Initialization.
         Starting LXD - unix socket.
[[0;32m  OK  [0m] Started Daily Cleanup of Temporary Directories.
         Starting Socket activation for snappy daemon.
[[0;32m  OK  [0m] Listening on D-Bus System Message Bus Socket.
[[0;32m  OK  [0m] Started ACPI Events Check.
[[0;32m  OK  [0m] Reached target Paths.
[[0;32m  OK  [0m] Started Message of the Day.
[[0;32m  OK  [0m] Started Daily apt download activities.
[[0;32m  OK  [0m] Started Daily apt upgrade and clean activities.
[[0;32m  OK  [0m] Started Discard unused blocks once a week.
[[0;32m  OK  [0m] Reached target Timers.
[[0;32m  OK  [0m] Listening on UUID daemon activation socket.
[[0;32m  OK  [0m] Listening on ACPID Listen Socket.
[[0;32m  OK  [0m] Listening on Open-iSCSI iscsid Socket.
[[0;32m  OK  [0m] Reached target Network is Online.
[[0;32m  OK  [0m] Reached target Remote File Systems (Pre).
[[0;32m  OK  [0m] Reached target Remote File Systems.
         Starting Availability of block devices...
[[0;32m  OK  [0m] Reached target Cloud-config availability.
[[0;32m  OK  [0m] Listening on LXD - unix socket.
[[0;32m  OK  [0m] Listening on Socket activation for snappy daemon.
[[0;32m  OK  [0m] Reached target Sockets.
[[0;32m  OK  [0m] Reached target Basic System.
         Starting Login Service...
         Starting LSB: automatic crash report generation...
         Starting System Logging Service...
[[0;32m  OK  [0m] Started D-Bus System Message Bus.
[[0;32m  OK  [0m] Started Login Service.
[[0;32m  OK  [0m] Started Regular background program processing daemon.
[[0;32m  OK  [0m] Started irqbalance daemon.
         Starting Virtualbox guest utils...
         Starting Dispatcher daemon for systemd-networkd...
         Starting Snap Daemon...
[[0;32m  OK  [0m] Started FUSE filesystem for LXC.
         Starting Accounts Service...
[[0;32m  OK  [0m] Started Unattended Upgrades Shutdown.
[[0;32m  OK  [0m] Started Deferred execution scheduler.
         Starting LSB: Record successful boot for GRUB...
         Starting Permit User Sessions...
         Starting Pollinate to seed the pseudo random number generator...
         Starting LXD - container startup/shutdown...
[[0;32m  OK  [0m] Started System Logging Service.
[[0;32m  OK  [0m] Started Availability of block devices.
[[0;32m  OK  [0m] Started Permit User Sessions.
         Starting Hold until boot process finishes up...
         Starting Terminate Plymouth Boot Screen...
[[0;32m  OK  [0m] Started Hold until boot process finishes up.
         Starting Set console scheme...
[[0;32m  OK  [0m] Started Serial Getty on ttyS0.
[[0;32m  OK  [0m] Started Terminate Plymouth Boot Screen.
[[0;32m  OK  [0m] Started Set console scheme.
[[0;32m  OK  [0m] Created slice system-getty.slice.
[[0;32m  OK  [0m] Started Getty on tty1.
[[0;32m  OK  [0m] Reached target Login Prompts.
[[0;32m  OK  [0m] Started LSB: automatic crash report generation.
[[0;32m  OK  [0m] Started LSB: Record successful boot for GRUB.
         Starting Authorization Manager...
[[0;32m  OK  [0m] Started Virtualbox guest utils.
[[0;32m  OK  [0m] Started Dispatcher daemon for systemd-networkd.
[[0;32m  OK  [0m] Started Authorization Manager.
[[0;32m  OK  [0m] Started Accounts Service.
[[0;32m  OK  [0m] Started LXD - container startup/shutdown.
[[0;32m  OK  [0m] Started Snap Daemon.
         Starting Wait until snapd is fully seeded...
[[0;32m  OK  [0m] Started Pollinate to seed the pseudo random number generator.
         Starting OpenBSD Secure Shell server...
[[0;32m  OK  [0m] Started OpenBSD Secure Shell server.
[[0;32m  OK  [0m] Created slice User Slice of vagrant.
         Starting User Manager for UID 1000...
[[0;32m  OK  [0m] Started Session 1 of user vagrant.

Ubuntu 18.04.5 LTS ubuntu-bionic ttyS0

ubuntu-bionic login: [   45.983549] cloud-init[1525]: Cloud-init v. 20.3-2-g371b392c-0ubuntu1~18.04.1 running 'modules:config' at Fri, 18 Sep 2020 16:23:44 +0000. Up 33.10 seconds.
ci-info: no authorized SSH keys fingerprints found for user ubuntu.
<14>Sep 18 16:24:01 ec2: 
<14>Sep 18 16:24:01 ec2: #############################################################
<14>Sep 18 16:24:01 ec2: -----BEGIN SSH HOST KEY FINGERPRINTS-----
<14>Sep 18 16:24:01 ec2: 1024 SHA256:kthf3fy8ug3fOLwg2UMyTwpFJrZqt4vrUHEmGLRqcrQ root@ubuntu-bionic (DSA)
<14>Sep 18 16:24:01 ec2: 256 SHA256:/Id5gis5yT0JOJ3aseUjfk2b9jW6b8WpSGJ6XWHcBqw root@ubuntu-bionic (ECDSA)
<14>Sep 18 16:24:01 ec2: 256 SHA256:vCKC0Wb73pbNHvvj+hgS0q/2fO1Wa+mRMjnXuuJMS0U root@ubuntu-bionic (ED25519)
<14>Sep 18 16:24:01 ec2: 2048 SHA256:zcNcuZTIM/mTdTY3/N6S673GtXhoplzHkvwyN4qXl4A root@ubuntu-bionic (RSA)
<14>Sep 18 16:24:01 ec2: -----END SSH HOST KEY FINGERPRINTS-----
<14>Sep 18 16:24:01 ec2: #############################################################
-----BEGIN SSH HOST KEY KEYS-----
ecdsa-sha2-nistp256 AAAAE2VjZHNhLXNoYTItbmlzdHAyNTYAAAAIbmlzdHAyNTYAAABBBJwdZcxWR5rsm+8BzkJZ7RL8WPINTPFQKVjneFvXYFhpO+XkG084Zcd9WUtFx/7jgx4gptct6ZLSSsqukjtgmbU= root@ubuntu-bionic
ssh-ed25519 AAAAC3NzaC1lZDI1NTE5AAAAILjUuqX2b9wiGI3bIf+uZvIvllId8OJ0q0QNQzylPdSd root@ubuntu-bionic
ssh-rsa AAAAB3NzaC1yc2EAAAADAQABAAABAQDJsHSwUrhE47UpFQ3p2RyWK7L1zB4w2j6hHLBjISoOYpugOfqC0UcSVUrb7UgVj9+EzuHzAf6kkMmbMu7UBmYwpMzVkutXLi3In0Ddk1cwGX4C8APJX6+xw8ipItq1Rup5z1Yk9FttfhwmyFz0w7wwsT8CtYwblpZMwF+U7ZKgKERn5rhVv36C0qBm7u2m7vYwdHNpy9wzXqfFFWVLXlRfyFL0gjZuEoKlVl7WaQ9HYa6P0Jyp/typENGuRq/bmzb3tYubo5hsSmvCzIg2/Etkx0N1fYoB0XhtVIW2Q3JbEAgmX/9dsTX4EskG0va5cxfMQwFQ5uAh4ru3NMpMaoKv root@ubuntu-bionic
-----END SSH HOST KEY KEYS-----
[   50.321213] cloud-init[1703]: Cloud-init v. 20.3-2-g371b392c-0ubuntu1~18.04.1 running 'modules:final' at Fri, 18 Sep 2020 16:24:00 +0000. Up 49.46 seconds.
[   50.321326] cloud-init[1703]: ci-info: no authorized SSH keys fingerprints found for user ubuntu.
[   50.321412] cloud-init[1703]: Cloud-init v. 20.3-2-g371b392c-0ubuntu1~18.04.1 finished at Fri, 18 Sep 2020 16:24:01 +0000. Datasource DataSourceNoCloud [seed=/dev/sdb][dsmode=net].  Up 50.31 seconds
